<?xml version="1.0" encoding="UTF-8"?>
<!-- Generated by org.testng.reporters.JUnitXMLReporter -->
<testsuite ignored="1" hostname="LAPTOP-T0IKG2N2" failures="0" tests="1" name="Default test" time="6.418" errors="0" timestamp="2023-07-20T17:01:31 EDT">
  <testcase classname="test.CreditCardTest" name="checkCreditCardBalanceWithoutDetails" time="0.838"/>
  <testcase classname="test.CreditCardTest" name="checkCreditCardBalance" time="0.0">
    <ignored/>
  </testcase> <!-- checkCreditCardBalance -->
</testsuite> <!-- Default test -->
