<?xml version="1.0" encoding="UTF-8"?>
<testng-results ignored="0" total="8" passed="7" failed="1" skipped="0">
  <reporter-output>
  </reporter-output>
  <suite started-at="2023-07-20T17:05:21 EDT" name="Best-Buy Website Testing" finished-at="2023-07-20T17:06:17 EDT" duration-ms="55345">
    <groups>
    </groups>
    <test started-at="2023-07-20T17:05:21 EDT" name="Best-Buy Application Testcases" finished-at="2023-07-20T17:06:17 EDT" duration-ms="55345">
      <class name="test.CreditCardTest">
        <test-method is-config="true" signature="setUp()[pri:0, instance:test.CreditCardTest@581ac8a8]" started-at="2023-07-20T17:06:05 EDT" name="setUp" finished-at="2023-07-20T17:06:08 EDT" duration-ms="3808" status="PASS">
          <reporter-output>
          </reporter-output>
        </test-method> <!-- setUp -->
        <test-method signature="checkCreditCardBalance()[pri:1, instance:test.CreditCardTest@581ac8a8]" started-at="2023-07-20T17:06:08 EDT" name="checkCreditCardBalance" finished-at="2023-07-20T17:06:09 EDT" duration-ms="917" status="PASS">
          <reporter-output>
          </reporter-output>
        </test-method> <!-- checkCreditCardBalance -->
        <test-method is-config="true" signature="closeBrowser()[pri:0, instance:test.CreditCardTest@581ac8a8]" started-at="2023-07-20T17:06:09 EDT" name="closeBrowser" finished-at="2023-07-20T17:06:11 EDT" duration-ms="1365" status="PASS">
          <reporter-output>
          </reporter-output>
        </test-method> <!-- closeBrowser -->
        <test-method is-config="true" signature="setUp()[pri:0, instance:test.CreditCardTest@581ac8a8]" started-at="2023-07-20T17:06:11 EDT" name="setUp" finished-at="2023-07-20T17:06:14 EDT" duration-ms="3738" status="PASS">
          <reporter-output>
          </reporter-output>
        </test-method> <!-- setUp -->
        <test-method signature="checkCreditCardBalanceWithoutDetails()[pri:2, instance:test.CreditCardTest@581ac8a8]" started-at="2023-07-20T17:06:14 EDT" name="checkCreditCardBalanceWithoutDetails" finished-at="2023-07-20T17:06:15 EDT" duration-ms="869" status="PASS">
          <reporter-output>
          </reporter-output>
        </test-method> <!-- checkCreditCardBalanceWithoutDetails -->
        <test-method is-config="true" signature="closeBrowser()[pri:0, instance:test.CreditCardTest@581ac8a8]" started-at="2023-07-20T17:06:15 EDT" name="closeBrowser" finished-at="2023-07-20T17:06:17 EDT" duration-ms="1404" status="PASS">
          <reporter-output>
          </reporter-output>
        </test-method> <!-- closeBrowser -->
      </class> <!-- test.CreditCardTest -->
      <class name="test.PaymentTest">
        <test-method is-config="true" signature="setUp()[pri:0, instance:test.PaymentTest@28f3b248]" started-at="2023-07-20T17:05:42 EDT" name="setUp" finished-at="2023-07-20T17:05:47 EDT" duration-ms="4532" status="PASS">
          <reporter-output>
          </reporter-output>
        </test-method> <!-- setUp -->
        <test-method signature="verifyCardDetails()[pri:1, instance:test.PaymentTest@28f3b248]" started-at="2023-07-20T17:05:47 EDT" name="verifyCardDetails" finished-at="2023-07-20T17:05:49 EDT" duration-ms="2439" status="PASS">
          <reporter-output>
          </reporter-output>
        </test-method> <!-- verifyCardDetails -->
        <test-method is-config="true" signature="closeBrowser()[pri:0, instance:test.PaymentTest@28f3b248]" started-at="2023-07-20T17:05:49 EDT" name="closeBrowser" finished-at="2023-07-20T17:05:51 EDT" duration-ms="1463" status="PASS">
          <reporter-output>
          </reporter-output>
        </test-method> <!-- closeBrowser -->
        <test-method is-config="true" signature="setUp()[pri:0, instance:test.PaymentTest@28f3b248]" started-at="2023-07-20T17:05:51 EDT" name="setUp" finished-at="2023-07-20T17:05:55 EDT" duration-ms="3887" status="PASS">
          <reporter-output>
          </reporter-output>
        </test-method> <!-- setUp -->
        <test-method signature="verifyCardwithWrongDetails()[pri:2, instance:test.PaymentTest@28f3b248]" started-at="2023-07-20T17:05:55 EDT" name="verifyCardwithWrongDetails" finished-at="2023-07-20T17:05:56 EDT" duration-ms="1499" status="PASS">
          <reporter-output>
          </reporter-output>
        </test-method> <!-- verifyCardwithWrongDetails -->
        <test-method is-config="true" signature="closeBrowser()[pri:0, instance:test.PaymentTest@28f3b248]" started-at="2023-07-20T17:05:56 EDT" name="closeBrowser" finished-at="2023-07-20T17:05:57 EDT" duration-ms="1440" status="PASS">
          <reporter-output>
          </reporter-output>
        </test-method> <!-- closeBrowser -->
        <test-method is-config="true" signature="setUp()[pri:0, instance:test.PaymentTest@28f3b248]" started-at="2023-07-20T17:05:57 EDT" name="setUp" finished-at="2023-07-20T17:06:01 EDT" duration-ms="3520" status="PASS">
          <reporter-output>
          </reporter-output>
        </test-method> <!-- setUp -->
        <test-method signature="verifyCvvNumber()[pri:3, instance:test.PaymentTest@28f3b248]" started-at="2023-07-20T17:06:01 EDT" name="verifyCvvNumber" finished-at="2023-07-20T17:06:03 EDT" duration-ms="2095" status="FAIL">
          <exception class="org.openqa.selenium.NoSuchElementException">
            <message>
              <![CDATA[Unable to locate element: #message2
For documentation on this error, please visit: https://www.seleniumhq.org/exceptions/no_such_element.html
Build info: version: '3.141.59', revision: 'e82be7d358', time: '2018-11-14T08:17:03'
System info: host: 'LAPTOP-T0IKG2N2', ip: '10.0.0.170', os.name: 'Windows 11', os.arch: 'amd64', os.version: '10.0', java.version: '17.0.6'
Driver info: org.openqa.selenium.firefox.FirefoxDriver
Capabilities {acceptInsecureCerts: true, browserName: firefox, browserVersion: 115.0.2, javascriptEnabled: true, moz:accessibilityChecks: false, moz:buildID: 20230710165010, moz:geckodriverVersion: 0.33.0, moz:headless: false, moz:platformVersion: 10.0, moz:processID: 19404, moz:profile: C:\Users\owner\AppData\Loca..., moz:shutdownTimeout: 60000, moz:useNonSpecCompliantPointerOrigin: false, moz:webdriverClick: true, moz:windowless: false, pageLoadStrategy: normal, platform: WINDOWS, platformName: WINDOWS, proxy: Proxy(), setWindowRect: true, strictFileInteractability: false, timeouts: {implicit: 0, pageLoad: 300000, script: 30000}, unhandledPromptBehavior: dismiss and notify}
Session ID: fe8a19c4-e7a1-4538-b9f2-95f0b1426ce6
*** Element info: {Using=id, value=message2}]]>
            </message>
            <full-stacktrace>
              <![CDATA[org.openqa.selenium.NoSuchElementException: Unable to locate element: #message2
For documentation on this error, please visit: https://www.seleniumhq.org/exceptions/no_such_element.html
Build info: version: '3.141.59', revision: 'e82be7d358', time: '2018-11-14T08:17:03'
System info: host: 'LAPTOP-T0IKG2N2', ip: '10.0.0.170', os.name: 'Windows 11', os.arch: 'amd64', os.version: '10.0', java.version: '17.0.6'
Driver info: org.openqa.selenium.firefox.FirefoxDriver
Capabilities {acceptInsecureCerts: true, browserName: firefox, browserVersion: 115.0.2, javascriptEnabled: true, moz:accessibilityChecks: false, moz:buildID: 20230710165010, moz:geckodriverVersion: 0.33.0, moz:headless: false, moz:platformVersion: 10.0, moz:processID: 19404, moz:profile: C:\Users\owner\AppData\Loca..., moz:shutdownTimeout: 60000, moz:useNonSpecCompliantPointerOrigin: false, moz:webdriverClick: true, moz:windowless: false, pageLoadStrategy: normal, platform: WINDOWS, platformName: WINDOWS, proxy: Proxy(), setWindowRect: true, strictFileInteractability: false, timeouts: {implicit: 0, pageLoad: 300000, script: 30000}, unhandledPromptBehavior: dismiss and notify}
Session ID: fe8a19c4-e7a1-4538-b9f2-95f0b1426ce6
*** Element info: {Using=id, value=message2}
at java.base/jdk.internal.reflect.NativeConstructorAccessorImpl.newInstance0(Native Method)
at java.base/jdk.internal.reflect.NativeConstructorAccessorImpl.newInstance(NativeConstructorAccessorImpl.java:77)
at java.base/jdk.internal.reflect.DelegatingConstructorAccessorImpl.newInstance(DelegatingConstructorAccessorImpl.java:45)
at java.base/java.lang.reflect.Constructor.newInstanceWithCaller(Constructor.java:499)
at java.base/java.lang.reflect.Constructor.newInstance(Constructor.java:480)
at org.openqa.selenium.remote.http.W3CHttpResponseCodec.createException(W3CHttpResponseCodec.java:187)
at org.openqa.selenium.remote.http.W3CHttpResponseCodec.decode(W3CHttpResponseCodec.java:122)
at org.openqa.selenium.remote.http.W3CHttpResponseCodec.decode(W3CHttpResponseCodec.java:49)
at org.openqa.selenium.remote.HttpCommandExecutor.execute(HttpCommandExecutor.java:158)
at org.openqa.selenium.remote.service.DriverCommandExecutor.execute(DriverCommandExecutor.java:83)
at org.openqa.selenium.remote.RemoteWebDriver.execute(RemoteWebDriver.java:552)
at org.openqa.selenium.remote.RemoteWebDriver.findElement(RemoteWebDriver.java:323)
at org.openqa.selenium.remote.RemoteWebDriver.findElementById(RemoteWebDriver.java:372)
at org.openqa.selenium.By$ById.findElement(By.java:188)
at org.openqa.selenium.remote.RemoteWebDriver.findElement(RemoteWebDriver.java:315)
at org.openqa.selenium.support.pagefactory.DefaultElementLocator.findElement(DefaultElementLocator.java:69)
at org.openqa.selenium.support.pagefactory.internal.LocatingElementHandler.invoke(LocatingElementHandler.java:38)
at jdk.proxy2/jdk.proxy2.$Proxy13.getText(Unknown Source)
at pages.PaymentPage.cvvErrMsg(PaymentPage.java:79)
at test.PaymentTest.verifyCvvNumber(PaymentTest.java:46)
at java.base/jdk.internal.reflect.NativeMethodAccessorImpl.invoke0(Native Method)
at java.base/jdk.internal.reflect.NativeMethodAccessorImpl.invoke(NativeMethodAccessorImpl.java:77)
at java.base/jdk.internal.reflect.DelegatingMethodAccessorImpl.invoke(DelegatingMethodAccessorImpl.java:43)
at java.base/java.lang.reflect.Method.invoke(Method.java:568)
at org.testng.internal.MethodInvocationHelper.invokeMethod(MethodInvocationHelper.java:133)
at org.testng.internal.TestInvoker.invokeMethod(TestInvoker.java:598)
at org.testng.internal.TestInvoker.invokeTestMethod(TestInvoker.java:173)
at org.testng.internal.MethodRunner.runInSequence(MethodRunner.java:46)
at org.testng.internal.TestInvoker$MethodInvocationAgent.invoke(TestInvoker.java:824)
at org.testng.internal.TestInvoker.invokeTestMethods(TestInvoker.java:146)
at org.testng.internal.TestMethodWorker.invokeTestMethods(TestMethodWorker.java:146)
at org.testng.internal.TestMethodWorker.run(TestMethodWorker.java:128)
at java.base/java.util.ArrayList.forEach(ArrayList.java:1511)
at org.testng.TestRunner.privateRun(TestRunner.java:794)
at org.testng.TestRunner.run(TestRunner.java:596)
at org.testng.SuiteRunner.runTest(SuiteRunner.java:377)
at org.testng.SuiteRunner.runSequentially(SuiteRunner.java:371)
at org.testng.SuiteRunner.privateRun(SuiteRunner.java:332)
at org.testng.SuiteRunner.run(SuiteRunner.java:276)
at org.testng.SuiteRunnerWorker.runSuite(SuiteRunnerWorker.java:53)
at org.testng.SuiteRunnerWorker.run(SuiteRunnerWorker.java:96)
at org.testng.TestNG.runSuitesSequentially(TestNG.java:1212)
at org.testng.TestNG.runSuitesLocally(TestNG.java:1134)
at org.testng.TestNG.runSuites(TestNG.java:1063)
at org.testng.TestNG.run(TestNG.java:1031)
at org.testng.remote.AbstractRemoteTestNG.run(AbstractRemoteTestNG.java:115)
at org.testng.remote.RemoteTestNG.initAndRun(RemoteTestNG.java:251)
at org.testng.remote.RemoteTestNG.main(RemoteTestNG.java:77)
]]>
            </full-stacktrace>
          </exception> <!-- org.openqa.selenium.NoSuchElementException -->
          <reporter-output>
          </reporter-output>
        </test-method> <!-- verifyCvvNumber -->
        <test-method is-config="true" signature="closeBrowser()[pri:0, instance:test.PaymentTest@28f3b248]" started-at="2023-07-20T17:06:03 EDT" name="closeBrowser" finished-at="2023-07-20T17:06:05 EDT" duration-ms="1456" status="PASS">
          <reporter-output>
          </reporter-output>
        </test-method> <!-- closeBrowser -->
      </class> <!-- test.PaymentTest -->
      <class name="test.HomeTest">
        <test-method is-config="true" signature="setUp()[pri:0, instance:test.HomeTest@1e6454ec]" started-at="2023-07-20T17:05:21 EDT" name="setUp" finished-at="2023-07-20T17:05:26 EDT" duration-ms="5046" status="PASS">
          <reporter-output>
          </reporter-output>
        </test-method> <!-- setUp -->
        <test-method signature="verifyHeaderList()[pri:1, instance:test.HomeTest@1e6454ec]" started-at="2023-07-20T17:05:26 EDT" name="verifyHeaderList" finished-at="2023-07-20T17:05:26 EDT" duration-ms="72" status="PASS">
          <reporter-output>
          </reporter-output>
        </test-method> <!-- verifyHeaderList -->
        <test-method is-config="true" signature="closeBrowser()[pri:0, instance:test.HomeTest@1e6454ec]" started-at="2023-07-20T17:05:26 EDT" name="closeBrowser" finished-at="2023-07-20T17:05:28 EDT" duration-ms="1478" status="PASS">
          <reporter-output>
          </reporter-output>
        </test-method> <!-- closeBrowser -->
        <test-method is-config="true" signature="setUp()[pri:0, instance:test.HomeTest@1e6454ec]" started-at="2023-07-20T17:05:28 EDT" name="setUp" finished-at="2023-07-20T17:05:33 EDT" duration-ms="4947" status="PASS">
          <reporter-output>
          </reporter-output>
        </test-method> <!-- setUp -->
        <test-method signature="verifyProductDetails()[pri:2, instance:test.HomeTest@1e6454ec]" started-at="2023-07-20T17:05:33 EDT" name="verifyProductDetails" finished-at="2023-07-20T17:05:33 EDT" duration-ms="67" status="PASS">
          <reporter-output>
          </reporter-output>
        </test-method> <!-- verifyProductDetails -->
        <test-method is-config="true" signature="closeBrowser()[pri:0, instance:test.HomeTest@1e6454ec]" started-at="2023-07-20T17:05:33 EDT" name="closeBrowser" finished-at="2023-07-20T17:05:34 EDT" duration-ms="1341" status="PASS">
          <reporter-output>
          </reporter-output>
        </test-method> <!-- closeBrowser -->
        <test-method is-config="true" signature="setUp()[pri:0, instance:test.HomeTest@1e6454ec]" started-at="2023-07-20T17:05:34 EDT" name="setUp" finished-at="2023-07-20T17:05:40 EDT" duration-ms="5753" status="PASS">
          <reporter-output>
          </reporter-output>
        </test-method> <!-- setUp -->
        <test-method signature="checkQuantityOfProduct()[pri:3, instance:test.HomeTest@1e6454ec]" started-at="2023-07-20T17:05:40 EDT" name="checkQuantityOfProduct" finished-at="2023-07-20T17:05:41 EDT" duration-ms="713" status="PASS">
          <reporter-output>
          </reporter-output>
        </test-method> <!-- checkQuantityOfProduct -->
        <test-method is-config="true" signature="closeBrowser()[pri:0, instance:test.HomeTest@1e6454ec]" started-at="2023-07-20T17:05:41 EDT" name="closeBrowser" finished-at="2023-07-20T17:05:42 EDT" duration-ms="1444" status="PASS">
          <reporter-output>
          </reporter-output>
        </test-method> <!-- closeBrowser -->
      </class> <!-- test.HomeTest -->
    </test> <!-- Best-Buy Application Testcases -->
  </suite> <!-- Best-Buy Website Testing -->
</testng-results>
